example/build/app/intermediates/manifest_merge_blame_file/debug/manifest-merger-blame-debug-report.txt
1<?xml version="1.0" encoding="utf-8"?>
2<manifest xmlns:android="http://schemas.android.com/apk/res/android"
3    package="com.example.flutter_play_asset_example"
4    android:versionCode="1"
5    android:versionName="1.0" >
6
7    <uses-sdk
8        android:minSdkVersion="16"
9        android:targetSdkVersion="28" />
10    <!--
11         Flutter needs it to communicate with the running application
12         to allow setting breakpoints, to provide hot reload, etc.
13    -->
14    <uses-permission android:name="android.permission.INTERNET" />
14-->src/debug/AndroidManifest.xml:6:5-66
14-->src/debug/AndroidManifest.xml:6:22-64
15    <!-- Permission will be merged into the manifest of the hosting app. -->
16    <!-- Is required to launch foreground extraction service for targetSdkVersion 28+. -->
17    <uses-permission android:name="android.permission.FOREGROUND_SERVICE" />
17-->[com.google.android.play:core:1.8.0] AndroidManifest.xml:8:3-74
17-->[com.google.android.play:core:1.8.0] AndroidManifest.xml:8:20-72
18    <!--
19 io.flutter.app.FlutterApplication is an android.app.Application that
20         calls FlutterMain.startInitialization(this); in its onCreate method.
21         In most cases you can leave this as-is, but you if you want to provide
22         additional functionality it is fine to subclass or reimplement
23         FlutterApplication and put your custom class here.
24    -->
25    <application
25-->src/main/AndroidManifest.xml:8:5-46:19
26        android:name="io.flutter.app.FlutterApplication"
26-->src/main/AndroidManifest.xml:9:9-57
27        android:appComponentFactory="androidx.core.app.CoreComponentFactory"
27-->[androidx.core:core:1.1.0] AndroidManifest.xml:24:18-86
28        android:debuggable="true"
29        android:icon="@mipmap/ic_launcher"
29-->src/main/AndroidManifest.xml:11:9-43
30        android:label="flutter_play_asset_example"
30-->src/main/AndroidManifest.xml:10:9-51
31        android:testOnly="true" >
32        <activity
32-->src/main/AndroidManifest.xml:12:9-40:20
33            android:name="com.example.flutter_play_asset_example.MainActivity"
33-->src/main/AndroidManifest.xml:13:13-41
34            android:configChanges="orientation|keyboardHidden|keyboard|screenSize|smallestScreenSize|locale|layoutDirection|fontScale|screenLayout|density|uiMode"
34-->src/main/AndroidManifest.xml:16:13-163
35            android:hardwareAccelerated="true"
35-->src/main/AndroidManifest.xml:17:13-47
36            android:launchMode="singleTop"
36-->src/main/AndroidManifest.xml:14:13-43
37            android:theme="@style/LaunchTheme"
37-->src/main/AndroidManifest.xml:15:13-47
38            android:windowSoftInputMode="adjustResize" >
38-->src/main/AndroidManifest.xml:18:13-55
39
40            <!--
41                 Specifies an Android theme to apply to this Activity as soon as
42                 the Android process has started. This theme is visible to the user
43                 while the Flutter UI initializes. After that, this theme continues
44                 to determine the Window background behind the Flutter UI.
45            -->
46            <meta-data
46-->src/main/AndroidManifest.xml:23:13-26:17
47                android:name="io.flutter.embedding.android.NormalTheme"
47-->src/main/AndroidManifest.xml:24:15-70
48                android:resource="@style/NormalTheme" />
48-->src/main/AndroidManifest.xml:25:15-52
49            <!--
50                 Displays an Android View that continues showing the launch screen
51                 Drawable until Flutter paints its first frame, then this splash
52                 screen fades out. A splash screen is useful to avoid any visual
53                 gap between the end of Android's launch screen and the painting of
54                 Flutter's first frame.
55            -->
56            <meta-data
56-->src/main/AndroidManifest.xml:32:13-35:17
57                android:name="io.flutter.embedding.android.SplashScreenDrawable"
57-->src/main/AndroidManifest.xml:33:15-79
58                android:resource="@drawable/launch_background" />
58-->src/main/AndroidManifest.xml:34:15-61
59
60            <intent-filter>
60-->src/main/AndroidManifest.xml:36:13-39:29
61                <action android:name="android.intent.action.MAIN" />
61-->src/main/AndroidManifest.xml:37:17-68
61-->src/main/AndroidManifest.xml:37:25-66
62
63                <category android:name="android.intent.category.LAUNCHER" />
63-->src/main/AndroidManifest.xml:38:17-76
63-->src/main/AndroidManifest.xml:38:27-74
64            </intent-filter>
65        </activity>
66        <!--
67             Don't delete the meta-data below.
68             This is used by the Flutter tool to generate GeneratedPluginRegistrant.java
69        -->
70        <meta-data
70-->src/main/AndroidManifest.xml:43:9-45:33
71            android:name="flutterEmbedding"
71-->src/main/AndroidManifest.xml:44:13-44
72            android:value="2" />
72-->src/main/AndroidManifest.xml:45:13-30
73        <!-- The activities will be merged into the manifest of the hosting app. -->
74        <activity
74-->[com.google.android.play:core:1.8.0] AndroidManifest.xml:12:5-271
75            android:name="com.google.android.play.core.missingsplits.PlayCoreMissingSplitsActivity"
75-->[com.google.android.play:core:1.8.0] AndroidManifest.xml:12:15-102
76            android:enabled="false"
76-->[com.google.android.play:core:1.8.0] AndroidManifest.xml:12:103-126
77            android:exported="false"
77-->[com.google.android.play:core:1.8.0] AndroidManifest.xml:12:127-151
78            android:launchMode="singleInstance"
78-->[com.google.android.play:core:1.8.0] AndroidManifest.xml:12:204-239
79            android:process=":playcore_missing_splits_activity"
79-->[com.google.android.play:core:1.8.0] AndroidManifest.xml:12:152-203
80            android:stateNotNeeded="true" />
80-->[com.google.android.play:core:1.8.0] AndroidManifest.xml:12:240-269
81        <activity
81-->[com.google.android.play:core:1.8.0] AndroidManifest.xml:13:5-226
82            android:name="com.google.android.play.core.common.PlayCoreDialogWrapperActivity"
82-->[com.google.android.play:core:1.8.0] AndroidManifest.xml:13:15-95
83            android:enabled="false"
83-->[com.google.android.play:core:1.8.0] AndroidManifest.xml:13:96-119
84            android:exported="false"
84-->[com.google.android.play:core:1.8.0] AndroidManifest.xml:13:120-144
85            android:stateNotNeeded="true"
85-->[com.google.android.play:core:1.8.0] AndroidManifest.xml:13:145-174
86            android:theme="@style/Theme.PlayCore.Transparent" /> <!-- The service will be merged into the manifest of the hosting app. -->
86-->[com.google.android.play:core:1.8.0] AndroidManifest.xml:13:175-224
87        <service
87-->[com.google.android.play:core:1.8.0] AndroidManifest.xml:16:5-145
88            android:name="com.google.android.play.core.assetpacks.AssetPackExtractionService"
88-->[com.google.android.play:core:1.8.0] AndroidManifest.xml:16:14-95
89            android:enabled="false"
89-->[com.google.android.play:core:1.8.0] AndroidManifest.xml:16:96-119
90            android:exported="true" />
90-->[com.google.android.play:core:1.8.0] AndroidManifest.xml:16:120-143
91    </application>
92
93</manifest>